<?xml version="1.0" encoding="UTF-8"?>
<testng-results ignored="0" total="4" passed="4" failed="0" skipped="0">
  <reporter-output>
  </reporter-output>
  <suite started-at="2024-08-31T22:14:38 IST" name="Default suite" finished-at="2024-08-31T22:15:25 IST" duration-ms="46567">
    <groups>
    </groups>
    <test started-at="2024-08-31T22:14:38 IST" name="Default test" finished-at="2024-08-31T22:15:25 IST" duration-ms="46567">
      <class name="cw_App.contacts">
        <test-method is-config="true" signature="setup()[pri:0, instance:cw_App.contacts@25ce9dc4]" started-at="2024-08-31T22:14:38 IST" name="setup" finished-at="2024-08-31T22:14:54 IST" duration-ms="15827" status="PASS">
          <reporter-output>
          </reporter-output>
        </test-method> <!-- setup -->
        <test-method signature="Click()[pri:1, instance:cw_App.contacts@25ce9dc4]" started-at="2024-08-31T22:14:54 IST" name="Click" finished-at="2024-08-31T22:14:59 IST" duration-ms="5078" status="PASS">
          <reporter-output>
          </reporter-output>
        </test-method> <!-- Click -->
        <test-method signature="OtherOperations()[pri:2, instance:cw_App.contacts@25ce9dc4]" started-at="2024-08-31T22:14:59 IST" name="OtherOperations" finished-at="2024-08-31T22:15:11 IST" duration-ms="11732" status="PASS">
          <reporter-output>
          </reporter-output>
        </test-method> <!-- OtherOperations -->
        <test-method signature="PowerSaver()[pri:3, instance:cw_App.contacts@25ce9dc4]" started-at="2024-08-31T22:15:11 IST" name="PowerSaver" finished-at="2024-08-31T22:15:18 IST" duration-ms="7274" status="PASS">
          <reporter-output>
          </reporter-output>
        </test-method> <!-- PowerSaver -->
        <test-method signature="Copy()[pri:4, instance:cw_App.contacts@25ce9dc4]" started-at="2024-08-31T22:15:18 IST" name="Copy" finished-at="2024-08-31T22:15:25 IST" duration-ms="6562" status="PASS">
          <reporter-output>
          </reporter-output>
        </test-method> <!-- Copy -->
      </class> <!-- cw_App.contacts -->
    </test> <!-- Default test -->
  </suite> <!-- Default suite -->
</testng-results>
