<?xml version="1.0" encoding="UTF-8"?>
<!-- Generated by org.testng.reporters.JUnitXMLReporter -->
<testsuite ignored="0" hostname="Pratik" failures="0" tests="4" name="Default test" time="46.567" errors="0" timestamp="2024-08-31T22:15:25 IST">
  <testcase classname="cw_App.contacts" name="Click" time="5.078"/>
  <testcase classname="cw_App.contacts" name="OtherOperations" time="11.732"/>
  <testcase classname="cw_App.contacts" name="PowerSaver" time="7.274"/>
  <testcase classname="cw_App.contacts" name="Copy" time="6.562"/>
</testsuite> <!-- Default test -->
